Using pre-set license
Built from '2021.1/staging' branch; Version is '2021.1.21f1 (f2d5d3c59f8c) revision 15914451'; Using compiler version '192528614'; Build Type 'Release'
OS: 'Windows 10 Home; OS build 19044.2486; Version 2009; 64bit' Language: 'en' Physical Memory: 16284 MB
BatchMode: 1, IsHumanControllingUs: 0, StartBugReporterOnCrash: 0, Is64bit: 1, IsPro: 0

COMMAND LINE ARGUMENTS:
C:\Program Files\Unity\Hub\Editor\2021.1.21f1\Editor\Unity.exe
-adb2
-batchMode
-noUpm
-name
AssetImportWorker0
-projectPath
D:/Projects/Stellations
-logFile
Logs/AssetImportWorker0.log
-srvPort
53525
Successfully changed project path to: D:/Projects/Stellations
D:/Projects/Stellations
Using Asset Import Pipeline V2.
Refreshing native plugins compatible for Editor in 52.28 ms, found 4 plugins.
Preloading 2 native plugins for Editor in 1043.15 ms.
Initialize engine version: 2021.1.21f1 (f2d5d3c59f8c)
[Subsystems] Discovering subsystems at path C:/Program Files/Unity/Hub/Editor/2021.1.21f1/Editor/Data/Resources/UnitySubsystems
[Subsystems] Discovering subsystems at path D:/Projects/Stellations/Assets
GfxDevice: creating device client; threaded=0; jobified=0
Direct3D:
    Version:  Direct3D 11.0 [level 11.1]
    Renderer: NVIDIA GeForce GTX 1060 with Max-Q Design (ID=0x1c20)
    Vendor:   NVIDIA
    VRAM:     6052 MB
    Driver:   24.21.13.9901
Initialize mono
Mono path[0] = 'C:/Program Files/Unity/Hub/Editor/2021.1.21f1/Editor/Data/Managed'
Mono path[1] = 'C:/Program Files/Unity/Hub/Editor/2021.1.21f1/Editor/Data/MonoBleedingEdge/lib/mono/unityjit'
Mono config path = 'C:/Program Files/Unity/Hub/Editor/2021.1.21f1/Editor/Data/MonoBleedingEdge/etc'
Using monoOptions --debugger-agent=transport=dt_socket,embedding=1,server=y,suspend=n,address=127.0.0.1:56700
Begin MonoManager ReloadAssembly
Registering precompiled unity dll's ...
Register platform support module: C:/Program Files/Unity/Hub/Editor/2021.1.21f1/Editor/Data/PlaybackEngines/WindowsStandaloneSupport/UnityEditor.WindowsStandalone.Extensions.dll
Registered in 0.001838 seconds.
Native extension for WindowsStandalone target not found
Refreshing native plugins compatible for Editor in 51.17 ms, found 4 plugins.
Preloading 2 native plugins for Editor in 0.05 ms.
Mono: successfully reloaded assembly
- Completed reload, in  1.145 seconds
Domain Reload Profiling:
	ReloadAssembly (1145ms)
		BeginReloadAssembly (61ms)
			ExecutionOrderSort (0ms)
			DisableScriptedObjects (0ms)
			BackupInstance (0ms)
			ReleaseScriptingObjects (0ms)
			CreateAndSetChildDomain (1ms)
		EndReloadAssembly (421ms)
			LoadAssemblies (58ms)
			RebuildTransferFunctionScriptingTraits (0ms)
			SetupTypeCache (168ms)
			ReleaseScriptCaches (0ms)
			RebuildScriptCaches (28ms)
			SetupLoadedEditorAssemblies (180ms)
				LogAssemblyErrors (0ms)
				InitializePlatformSupportModulesInManaged (6ms)
				SetLoadedEditorAssemblies (0ms)
				RefreshPlugins (51ms)
				BeforeProcessingInitializeOnLoad (1ms)
				ProcessInitializeOnLoadAttributes (95ms)
				ProcessInitializeOnLoadMethodAttributes (27ms)
				AfterProcessingInitializeOnLoad (0ms)
				EditorAssembliesLoaded (0ms)
			ExecutionOrderSort2 (0ms)
			AwakeInstancesAfterBackupRestoration (0ms)
Platform modules already initialized, skipping
Registering precompiled user dll's ...
Registered in 0.004735 seconds.
Begin MonoManager ReloadAssembly
Native extension for WindowsStandalone target not found
Refreshing native plugins compatible for Editor in 51.41 ms, found 4 plugins.
Preloading 2 native plugins for Editor in 0.05 ms.
Mono: successfully reloaded assembly
- Completed reload, in  1.146 seconds
Domain Reload Profiling:
	ReloadAssembly (1146ms)
		BeginReloadAssembly (159ms)
			ExecutionOrderSort (0ms)
			DisableScriptedObjects (4ms)
			BackupInstance (0ms)
			ReleaseScriptingObjects (0ms)
			CreateAndSetChildDomain (20ms)
		EndReloadAssembly (923ms)
			LoadAssemblies (89ms)
			RebuildTransferFunctionScriptingTraits (0ms)
			SetupTypeCache (324ms)
			ReleaseScriptCaches (0ms)
			RebuildScriptCaches (51ms)
			SetupLoadedEditorAssemblies (364ms)
				LogAssemblyErrors (0ms)
				InitializePlatformSupportModulesInManaged (4ms)
				SetLoadedEditorAssemblies (0ms)
				RefreshPlugins (52ms)
				BeforeProcessingInitializeOnLoad (53ms)
				ProcessInitializeOnLoadAttributes (234ms)
				ProcessInitializeOnLoadMethodAttributes (16ms)
				AfterProcessingInitializeOnLoad (6ms)
				EditorAssembliesLoaded (0ms)
			ExecutionOrderSort2 (0ms)
			AwakeInstancesAfterBackupRestoration (5ms)
Platform modules already initialized, skipping
========================================================================
Worker process is ready to serve import requests
Launched and connected shader compiler UnityShaderCompiler.exe after 0.04 seconds
Refreshing native plugins compatible for Editor in 0.64 ms, found 4 plugins.
Preloading 2 native plugins for Editor in 0.05 ms.
Unloading 2215 Unused Serialized files (Serialized files now loaded: 0)
System memory in use before: 121.7 MB.
System memory in use after: 121.8 MB.

Unloading 50 unused Assets to reduce memory usage. Loaded Objects now: 2676.
Total: 3.383000 ms (FindLiveObjects: 0.175100 ms CreateObjectMapping: 0.088000 ms MarkObjects: 3.050500 ms  DeleteObjects: 0.068700 ms)

AssetImportParameters requested are different than current active one (requested -> active):
  custom:framework-win-MediaFoundation: 216162199b28c13a410421893ffa2e32 -> 
  custom:video-decoder-ogg-theora: a1e56fd34408186e4bbccfd4996cb3dc -> 
  custom:container-muxer-webm: aa71ff27fc2769a1b78a27578f13a17b -> 
  custom:container-demuxer-webm: 4f35f7cbe854078d1ac9338744f61a02 -> 
  custom:container-demuxer-ogg: 62fdf1f143b41e24485cea50d1cbac27 -> 
  custom:video-encoder-webm-vp8: eb34c28f22e8b96e1ab97ce403110664 -> 
  custom:video-decoder-webm-vp8: 9c59270c3fd7afecdb556c50c9e8de78 -> 
  custom:audio-decoder-ogg-vorbis: bf7c407c2cedff20999df2af8eb42d56 -> 
  custom:audio-encoder-webm-vorbis: bf7c407c2cedff20999df2af8eb42d56 -> 
========================================================================
Received Import Request.
  path: Assets/Art/Fonts/CaslonBold.otf
  artifactKey: Guid(1113229f3b06d438bb5fc62543facbb3) Importer(815301076,1909f56bfc062723c751e8b465ee728b)
Start importing Assets/Art/Fonts/CaslonBold.otf using Guid(1113229f3b06d438bb5fc62543facbb3) Importer(815301076,1909f56bfc062723c751e8b465ee728b)  -> (artifact id: 'f48fdfa36e1e8fdb0614b2d9589036cd') in 0.152233 seconds 
========================================================================
Received Import Request.
  Time since last request: 0.000314 seconds.
  path: Assets/Art/Fonts/NotoSans-BoldItalic.ttf
  artifactKey: Guid(d436aef5a113e4e3393b980be10a7d3a) Importer(815301076,1909f56bfc062723c751e8b465ee728b)
Start importing Assets/Art/Fonts/NotoSans-BoldItalic.ttf using Guid(d436aef5a113e4e3393b980be10a7d3a) Importer(815301076,1909f56bfc062723c751e8b465ee728b)  -> (artifact id: 'a186c8d0553f96eb48f11cc85633cca0') in 0.016332 seconds 
========================================================================
Received Import Request.
  Time since last request: 0.000303 seconds.
  path: Assets/Art/Fonts/NotoSans-Bold.ttf
  artifactKey: Guid(fcb5807bfd7624a339466f608a35c887) Importer(815301076,1909f56bfc062723c751e8b465ee728b)
Start importing Assets/Art/Fonts/NotoSans-Bold.ttf using Guid(fcb5807bfd7624a339466f608a35c887) Importer(815301076,1909f56bfc062723c751e8b465ee728b)  -> (artifact id: '97319e74f9d35510b82ca7a502d3eba3') in 0.010465 seconds 
========================================================================
Received Import Request.
  Time since last request: 0.000292 seconds.
  path: Assets/Scripts/PlayerBehaviour.cs
  artifactKey: Guid(541a76f9c03874323b5154b14ac00427) Importer(2089858483,934ff659095e30574adcf32a4c2f97b5)
Start importing Assets/Scripts/PlayerBehaviour.cs using Guid(541a76f9c03874323b5154b14ac00427) Importer(2089858483,934ff659095e30574adcf32a4c2f97b5)  -> (artifact id: '7598afafa12d3aab4a3027f06c154b5d') in 0.064226 seconds 
========================================================================
Received Import Request.
  Time since last request: 0.000347 seconds.
  path: Assets/Prefabs/Player.prefab
  artifactKey: Guid(f3a07dc4c57b848e39919d6021024601) Importer(2089858483,934ff659095e30574adcf32a4c2f97b5)
Start importing Assets/Prefabs/Player.prefab using Guid(f3a07dc4c57b848e39919d6021024601) Importer(2089858483,934ff659095e30574adcf32a4c2f97b5)  -> (artifact id: 'f16bbd251bf5a8362f588aa9e6770847') in 0.007110 seconds 
========================================================================
Received Import Request.
  Time since last request: 0.000293 seconds.
  path: Assets/Art/Fonts/CaslonItalic.otf
  artifactKey: Guid(bb8e581fe4c354171a658fcdf7488263) Importer(815301076,1909f56bfc062723c751e8b465ee728b)
Start importing Assets/Art/Fonts/CaslonItalic.otf using Guid(bb8e581fe4c354171a658fcdf7488263) Importer(815301076,1909f56bfc062723c751e8b465ee728b)  -> (artifact id: 'a160d08e48921f72f8820fccb4522051') in 0.008396 seconds 
========================================================================
Received Import Request.
  Time since last request: 0.000264 seconds.
  path: Assets/Art/Fonts/CaslonBoldItalic.otf
  artifactKey: Guid(de5ebebab189444d1b90efb63e3c2562) Importer(815301076,1909f56bfc062723c751e8b465ee728b)
Start importing Assets/Art/Fonts/CaslonBoldItalic.otf using Guid(de5ebebab189444d1b90efb63e3c2562) Importer(815301076,1909f56bfc062723c751e8b465ee728b)  -> (artifact id: '8b0676fa78e76b51b5a04a1f14ce5b74') in 0.008232 seconds 
========================================================================
Received Import Request.
  Time since last request: 0.000293 seconds.
  path: Assets/Art/Fonts/CaslonRegular.otf
  artifactKey: Guid(61bb8400a0faf4aa2a96efc15de17e62) Importer(815301076,1909f56bfc062723c751e8b465ee728b)
Start importing Assets/Art/Fonts/CaslonRegular.otf using Guid(61bb8400a0faf4aa2a96efc15de17e62) Importer(815301076,1909f56bfc062723c751e8b465ee728b)  -> (artifact id: '2fe9282320d2a8f89f8170a2703eae23') in 0.008054 seconds 
========================================================================
Received Import Request.
  Time since last request: 1.291024 seconds.
  path: Assets/Art/Animation/Burst/burst7.png
  artifactKey: Guid(2dccb66361f707d4bacaac5e64ef3c60) Importer(815301076,1909f56bfc062723c751e8b465ee728b)
Start importing Assets/Art/Animation/Burst/burst7.png using Guid(2dccb66361f707d4bacaac5e64ef3c60) Importer(815301076,1909f56bfc062723c751e8b465ee728b)  -> (artifact id: '72096a2251c4e0da44555a335b3117cb') in 0.100929 seconds 
========================================================================
Received Import Request.
  Time since last request: 0.000272 seconds.
  path: Assets/Art/Animation/Drawings/joystick_0007_Frame-3.png
  artifactKey: Guid(213f066b68dfb2844920a336ca009e89) Importer(815301076,1909f56bfc062723c751e8b465ee728b)
Start importing Assets/Art/Animation/Drawings/joystick_0007_Frame-3.png using Guid(213f066b68dfb2844920a336ca009e89) Importer(815301076,1909f56bfc062723c751e8b465ee728b)  -> (artifact id: '801e7ed942b63bc5f57be1bb0f300ab8') in 0.030570 seconds 
========================================================================
Received Import Request.
  Time since last request: 0.000262 seconds.
  path: Assets/Art/Animation/Fizzle/fizzle1.png
  artifactKey: Guid(8b6fb78219b928f43b5bdd39978af647) Importer(815301076,1909f56bfc062723c751e8b465ee728b)
Start importing Assets/Art/Animation/Fizzle/fizzle1.png using Guid(8b6fb78219b928f43b5bdd39978af647) Importer(815301076,1909f56bfc062723c751e8b465ee728b)  -> (artifact id: '99d15fb520a3c755ed27ff91280fe591') in 0.010404 seconds 
========================================================================
Received Import Request.
  Time since last request: 0.000259 seconds.
  path: Assets/Art/Animation/Drawings/Drawings.psd
  artifactKey: Guid(e38161d8d9dbc8b40994dc1835b1171e) Importer(815301076,1909f56bfc062723c751e8b465ee728b)
Start importing Assets/Art/Animation/Drawings/Drawings.psd using Guid(e38161d8d9dbc8b40994dc1835b1171e) Importer(815301076,1909f56bfc062723c751e8b465ee728b)  -> (artifact id: '5f7a4a0cea36d9c342cc0cec6309d23f') in 0.046230 seconds 
========================================================================
Received Import Request.
  Time since last request: 0.000278 seconds.
  path: Assets/Art/Animation/Drawings/joystick_0004_Frame-6.png
  artifactKey: Guid(4e1d0c02f5af1e142850247470b9c96b) Importer(815301076,1909f56bfc062723c751e8b465ee728b)
Start importing Assets/Art/Animation/Drawings/joystick_0004_Frame-6.png using Guid(4e1d0c02f5af1e142850247470b9c96b) Importer(815301076,1909f56bfc062723c751e8b465ee728b)  -> (artifact id: 'bd32978e77bbdeb747d6195cdc6d3c57') in 0.018722 seconds 
========================================================================
Received Import Request.
  Time since last request: 0.000260 seconds.
  path: Assets/Art/Animation/Fizzle/fizzle8.png
  artifactKey: Guid(f5acf88b7468f54409be83faf0c263bb) Importer(815301076,1909f56bfc062723c751e8b465ee728b)
Start importing Assets/Art/Animation/Fizzle/fizzle8.png using Guid(f5acf88b7468f54409be83faf0c263bb) Importer(815301076,1909f56bfc062723c751e8b465ee728b)  -> (artifact id: '4c53181add31eca3025a59200ba1ee7f') in 0.027068 seconds 
========================================================================
Received Import Request.
  Time since last request: 0.000288 seconds.
  path: Assets/Art/Animation/Cross/cross2.png
  artifactKey: Guid(bea1f96bee39cd3489e5d3e483dd1234) Importer(815301076,1909f56bfc062723c751e8b465ee728b)
Start importing Assets/Art/Animation/Cross/cross2.png using Guid(bea1f96bee39cd3489e5d3e483dd1234) Importer(815301076,1909f56bfc062723c751e8b465ee728b)  -> (artifact id: 'a85444ef0aefe86ec16b1ce67d86a28b') in 0.024368 seconds 
========================================================================
Received Import Request.
  Time since last request: 0.000263 seconds.
  path: Assets/Art/Animation/Fizzle/fizzle0.png
  artifactKey: Guid(95482bc5275a337448bf95094962ff58) Importer(815301076,1909f56bfc062723c751e8b465ee728b)
Start importing Assets/Art/Animation/Fizzle/fizzle0.png using Guid(95482bc5275a337448bf95094962ff58) Importer(815301076,1909f56bfc062723c751e8b465ee728b)  -> (artifact id: 'bc83cfc1c071a2540bae9c5ff4cf13e5') in 0.027833 seconds 
========================================================================
Received Import Request.
  Time since last request: 0.000289 seconds.
  path: Assets/Art/Animation/Cross/cross3.png
  artifactKey: Guid(0d1d7193fd204834581020a3554fd45e) Importer(815301076,1909f56bfc062723c751e8b465ee728b)
Start importing Assets/Art/Animation/Cross/cross3.png using Guid(0d1d7193fd204834581020a3554fd45e) Importer(815301076,1909f56bfc062723c751e8b465ee728b)  -> (artifact id: '457e4d468dab95215544f029173890df') in 0.029251 seconds 
========================================================================
Received Import Request.
  Time since last request: 0.000282 seconds.
  path: Assets/Art/Animation/Drawings/joystick_0001_Frame-9.png
  artifactKey: Guid(1ed5f7174bc6cda48a61fbcc9364b580) Importer(815301076,1909f56bfc062723c751e8b465ee728b)
Start importing Assets/Art/Animation/Drawings/joystick_0001_Frame-9.png using Guid(1ed5f7174bc6cda48a61fbcc9364b580) Importer(815301076,1909f56bfc062723c751e8b465ee728b)  -> (artifact id: '4e313adbb05e225692e26b67ac40b11a') in 0.027645 seconds 
========================================================================
Received Import Request.
  Time since last request: 0.000280 seconds.
  path: Assets/Art/Animation/Dots/dots3.png
  artifactKey: Guid(89a8819a930f36a4c9d0c25befd383e6) Importer(815301076,1909f56bfc062723c751e8b465ee728b)
Start importing Assets/Art/Animation/Dots/dots3.png using Guid(89a8819a930f36a4c9d0c25befd383e6) Importer(815301076,1909f56bfc062723c751e8b465ee728b)  -> (artifact id: '26fbac974b8e72074548f5caf69d1226') in 0.047768 seconds 
========================================================================
Received Import Request.
  Time since last request: 0.000254 seconds.
  path: Assets/Art/Animation/Fizzle/fizzle3.png
  artifactKey: Guid(ad8934605e79cc246bca57f44dc08b9e) Importer(815301076,1909f56bfc062723c751e8b465ee728b)
Start importing Assets/Art/Animation/Fizzle/fizzle3.png using Guid(ad8934605e79cc246bca57f44dc08b9e) Importer(815301076,1909f56bfc062723c751e8b465ee728b)  -> (artifact id: 'cbf104c018e86a0bbaec66f8e0e00f97') in 0.024279 seconds 
========================================================================
Received Import Request.
  Time since last request: 0.000262 seconds.
  path: Assets/Art/Animation/Rotate/rotate6.png
  artifactKey: Guid(bc150e38eeb931945a78dbc23508e82e) Importer(815301076,1909f56bfc062723c751e8b465ee728b)
Start importing Assets/Art/Animation/Rotate/rotate6.png using Guid(bc150e38eeb931945a78dbc23508e82e) Importer(815301076,1909f56bfc062723c751e8b465ee728b)  -> (artifact id: '49ca712d86ca4ff0e9e878ad420f5e62') in 0.019841 seconds 
========================================================================
Received Import Request.
  Time since last request: 0.000293 seconds.
  path: Assets/Art/Animation/Points/Fly2.png
  artifactKey: Guid(389b8e7bcc46c854aa78acd22d7087cc) Importer(815301076,1909f56bfc062723c751e8b465ee728b)
Start importing Assets/Art/Animation/Points/Fly2.png using Guid(389b8e7bcc46c854aa78acd22d7087cc) Importer(815301076,1909f56bfc062723c751e8b465ee728b)  -> (artifact id: 'a5f89c4ccff8a54a3b321e5fa50f3406') in 0.033948 seconds 
========================================================================
Received Import Request.
  Time since last request: 0.000262 seconds.
  path: Assets/Art/Animation/Pulse/pulse3.png
  artifactKey: Guid(773d776002482554ab9460b20dee700c) Importer(815301076,1909f56bfc062723c751e8b465ee728b)
Start importing Assets/Art/Animation/Pulse/pulse3.png using Guid(773d776002482554ab9460b20dee700c) Importer(815301076,1909f56bfc062723c751e8b465ee728b)  -> (artifact id: '3f3e0f2fc5f2bb25cf9b6ad8c69ad7f4') in 0.006439 seconds 
========================================================================
Received Import Request.
  Time since last request: 0.000306 seconds.
  path: Assets/Art/Animation/Cross/cross1.png
  artifactKey: Guid(24f4f9bfb790ebe4780a5354643bc84d) Importer(815301076,1909f56bfc062723c751e8b465ee728b)
Start importing Assets/Art/Animation/Cross/cross1.png using Guid(24f4f9bfb790ebe4780a5354643bc84d) Importer(815301076,1909f56bfc062723c751e8b465ee728b)  -> (artifact id: '40d187c0b5bac78772fb33408ff9afbd') in 0.027253 seconds 
========================================================================
Received Import Request.
  Time since last request: 0.000289 seconds.
  path: Assets/Art/Animation/Drawings/joystick_0003_Frame-7.png
  artifactKey: Guid(4ef133ef95f3d9447bdb72b6c02c0aa7) Importer(815301076,1909f56bfc062723c751e8b465ee728b)
Start importing Assets/Art/Animation/Drawings/joystick_0003_Frame-7.png using Guid(4ef133ef95f3d9447bdb72b6c02c0aa7) Importer(815301076,1909f56bfc062723c751e8b465ee728b)  -> (artifact id: 'ca06dac9e5e9b31ad5d5fe013bd150c3') in 0.031552 seconds 
========================================================================
Received Import Request.
  Time since last request: 0.000333 seconds.
  path: Assets/Art/Animation/Rotate/rotate7.png
  artifactKey: Guid(936f691fe6cf4294ea57568a55991330) Importer(815301076,1909f56bfc062723c751e8b465ee728b)
Start importing Assets/Art/Animation/Rotate/rotate7.png using Guid(936f691fe6cf4294ea57568a55991330) Importer(815301076,1909f56bfc062723c751e8b465ee728b)  -> (artifact id: 'f9c6b71b22e8bbfd7b2e93bbc05826cb') in 0.027185 seconds 
========================================================================
Received Import Request.
  Time since last request: 0.000284 seconds.
  path: Assets/Art/Animation/Rotate/rotate0.png
  artifactKey: Guid(9f576389c803ecd42ba9a282064cbffb) Importer(815301076,1909f56bfc062723c751e8b465ee728b)
Start importing Assets/Art/Animation/Rotate/rotate0.png using Guid(9f576389c803ecd42ba9a282064cbffb) Importer(815301076,1909f56bfc062723c751e8b465ee728b)  -> (artifact id: '301330cd428e80dd5141680f9215632a') in 0.030236 seconds 
========================================================================
Received Import Request.
  Time since last request: 0.000216 seconds.
  path: Assets/Art/Animation/Fizzle/fizzle5.png
  artifactKey: Guid(a19d78c1abf0a4e4c94654b35fb48f8b) Importer(815301076,1909f56bfc062723c751e8b465ee728b)
Start importing Assets/Art/Animation/Fizzle/fizzle5.png using Guid(a19d78c1abf0a4e4c94654b35fb48f8b) Importer(815301076,1909f56bfc062723c751e8b465ee728b)  -> (artifact id: 'b03f3860b064df4e39d3b18f4f6577d8') in 0.023350 seconds 
========================================================================
Received Import Request.
  Time since last request: 1.606495 seconds.
  path: Assets/Prefabs/UI/UIText.prefab
  artifactKey: Guid(e906ff18e6a7f4d3194fe91d3214ec12) Importer(815301076,1909f56bfc062723c751e8b465ee728b)
Start importing Assets/Prefabs/UI/UIText.prefab using Guid(e906ff18e6a7f4d3194fe91d3214ec12) Importer(815301076,1909f56bfc062723c751e8b465ee728b)  -> (artifact id: 'e5a217d885e3701b9fc7f167b1d9bd7e') in 0.007126 seconds 
========================================================================
Received Import Request.
  Time since last request: 18.835177 seconds.
  path: Assets/TextMesh Pro/Documentation/TextMesh Pro User Guide 2016.pdf
  artifactKey: Guid(1b8d251f9af63b746bf2f7ffe00ebb9b) Importer(815301076,1909f56bfc062723c751e8b465ee728b)
Start importing Assets/TextMesh Pro/Documentation/TextMesh Pro User Guide 2016.pdf using Guid(1b8d251f9af63b746bf2f7ffe00ebb9b) Importer(815301076,1909f56bfc062723c751e8b465ee728b)  -> (artifact id: '68a8cd0d128e2de1afc31d38fd538062') in 0.004020 seconds 
========================================================================
Received Import Request.
  Time since last request: 10.767492 seconds.
  path: Assets/Prefabs/UI/TurtleUI.prefab
  artifactKey: Guid(f27d1e824492bef4ba8947cf644fa717) Importer(815301076,1909f56bfc062723c751e8b465ee728b)
Start importing Assets/Prefabs/UI/TurtleUI.prefab using Guid(f27d1e824492bef4ba8947cf644fa717) Importer(815301076,1909f56bfc062723c751e8b465ee728b)  -> (artifact id: 'b6bafc8bf8c94cfed58aaf9ce71aea06') in 0.042207 seconds 
========================================================================
Received Import Request.
  Time since last request: 0.532262 seconds.
  path: Assets/Prefabs/UI/Slider.prefab
  artifactKey: Guid(f6f2bcc56cd6fd54eadd0922c36ddacd) Importer(815301076,1909f56bfc062723c751e8b465ee728b)
Start importing Assets/Prefabs/UI/Slider.prefab using Guid(f6f2bcc56cd6fd54eadd0922c36ddacd) Importer(815301076,1909f56bfc062723c751e8b465ee728b)  -> (artifact id: '85c40ce0c4bdaf656660102cc1f91bd8') in 0.002781 seconds 
========================================================================
Received Import Request.
  Time since last request: 0.402880 seconds.
  path: Assets/Prefabs/UI/SettingToggle.prefab
  artifactKey: Guid(d2fde76e81ab9944db3a598a0d9c4afe) Importer(815301076,1909f56bfc062723c751e8b465ee728b)
Start importing Assets/Prefabs/UI/SettingToggle.prefab using Guid(d2fde76e81ab9944db3a598a0d9c4afe) Importer(815301076,1909f56bfc062723c751e8b465ee728b)  -> (artifact id: 'b14e3316af4d0d75f086495bf0ae698a') in 0.005459 seconds 
========================================================================
Received Import Request.
  Time since last request: 0.474886 seconds.
  path: Assets/Prefabs/UI/Selector.prefab
  artifactKey: Guid(61d8d7a5e48449744ae692cd2e0b05aa) Importer(815301076,1909f56bfc062723c751e8b465ee728b)
Start importing Assets/Prefabs/UI/Selector.prefab using Guid(61d8d7a5e48449744ae692cd2e0b05aa) Importer(815301076,1909f56bfc062723c751e8b465ee728b)  -> (artifact id: 'cb5180a1dcfb2e620bc9fccf7df8b581') in 0.003011 seconds 
========================================================================
Received Import Request.
  Time since last request: 1.753104 seconds.
  path: Assets/Prefabs/SceneBase.prefab
  artifactKey: Guid(6584d7529f6b09242b8cfa6b06b29a12) Importer(815301076,1909f56bfc062723c751e8b465ee728b)
Start importing Assets/Prefabs/SceneBase.prefab using Guid(6584d7529f6b09242b8cfa6b06b29a12) Importer(815301076,1909f56bfc062723c751e8b465ee728b)  -> (artifact id: '23bbf6e76bf80328b5da85bfd50640d4') in 0.008325 seconds 
========================================================================
Received Import Request.
  Time since last request: 0.387774 seconds.
  path: Assets/Prefabs/Text.prefab
  artifactKey: Guid(7b145f0fb77b8d84fa4c3af8e00d1887) Importer(815301076,1909f56bfc062723c751e8b465ee728b)
Start importing Assets/Prefabs/Text.prefab using Guid(7b145f0fb77b8d84fa4c3af8e00d1887) Importer(815301076,1909f56bfc062723c751e8b465ee728b)  -> (artifact id: '87a0aa9ea47ac0e9c73964f352de8f6a') in 0.045552 seconds 
========================================================================
Received Prepare
Refreshing native plugins compatible for Editor in 6.22 ms, found 4 plugins.
Preloading 2 native plugins for Editor in 0.04 ms.
Unloading 39 Unused Serialized files (Serialized files now loaded: 0)
System memory in use before: 81.2 MB.
System memory in use after: 81.4 MB.

Unloading 38 unused Assets to reduce memory usage. Loaded Objects now: 2755.
Total: 3.789800 ms (FindLiveObjects: 0.182100 ms CreateObjectMapping: 0.101100 ms MarkObjects: 3.486000 ms  DeleteObjects: 0.020000 ms)

AssetImportParameters requested are different than current active one (requested -> active):
  custom:framework-win-MediaFoundation: 216162199b28c13a410421893ffa2e32 -> 
  custom:video-decoder-ogg-theora: a1e56fd34408186e4bbccfd4996cb3dc -> 
  custom:container-muxer-webm: aa71ff27fc2769a1b78a27578f13a17b -> 
  custom:container-demuxer-webm: 4f35f7cbe854078d1ac9338744f61a02 -> 
  custom:container-demuxer-ogg: 62fdf1f143b41e24485cea50d1cbac27 -> 
  custom:video-encoder-webm-vp8: eb34c28f22e8b96e1ab97ce403110664 -> 
  custom:video-decoder-webm-vp8: 9c59270c3fd7afecdb556c50c9e8de78 -> 
  custom:audio-decoder-ogg-vorbis: bf7c407c2cedff20999df2af8eb42d56 -> 
  custom:audio-encoder-webm-vorbis: bf7c407c2cedff20999df2af8eb42d56 -> 
========================================================================
Received Import Request.
  Time since last request: 6.925973 seconds.
  path: Assets/Prefabs/Text.prefab
  artifactKey: Guid(7b145f0fb77b8d84fa4c3af8e00d1887) Importer(815301076,1909f56bfc062723c751e8b465ee728b)
Start importing Assets/Prefabs/Text.prefab using Guid(7b145f0fb77b8d84fa4c3af8e00d1887) Importer(815301076,1909f56bfc062723c751e8b465ee728b)  -> (artifact id: 'f0509161a4f6391443411b2d4a4f98de') in 0.027525 seconds 
========================================================================
Received Import Request.
  Time since last request: 0.782923 seconds.
  path: Assets/Prefabs/Text.prefab
  artifactKey: Guid(7b145f0fb77b8d84fa4c3af8e00d1887) Importer(2089858483,934ff659095e30574adcf32a4c2f97b5)
Start importing Assets/Prefabs/Text.prefab using Guid(7b145f0fb77b8d84fa4c3af8e00d1887) Importer(2089858483,934ff659095e30574adcf32a4c2f97b5)  -> (artifact id: 'c255e03c2b76233158552098341ce217') in 0.002490 seconds 
========================================================================
Received Prepare
Registering precompiled user dll's ...
Registered in 0.006950 seconds.
Begin MonoManager ReloadAssembly
Native extension for WindowsStandalone target not found
Refreshing native plugins compatible for Editor in 0.69 ms, found 4 plugins.
Preloading 2 native plugins for Editor in 0.06 ms.
Mono: successfully reloaded assembly
- Completed reload, in  1.273 seconds
Domain Reload Profiling:
	ReloadAssembly (1273ms)
		BeginReloadAssembly (144ms)
			ExecutionOrderSort (0ms)
			DisableScriptedObjects (7ms)
			BackupInstance (0ms)
			ReleaseScriptingObjects (0ms)
			CreateAndSetChildDomain (45ms)
		EndReloadAssembly (1053ms)
			LoadAssemblies (109ms)
			RebuildTransferFunctionScriptingTraits (0ms)
			SetupTypeCache (396ms)
			ReleaseScriptCaches (1ms)
			RebuildScriptCaches (62ms)
			SetupLoadedEditorAssemblies (338ms)
				LogAssemblyErrors (0ms)
				InitializePlatformSupportModulesInManaged (5ms)
				SetLoadedEditorAssemblies (0ms)
				RefreshPlugins (1ms)
				BeforeProcessingInitializeOnLoad (62ms)
				ProcessInitializeOnLoadAttributes (251ms)
				ProcessInitializeOnLoadMethodAttributes (11ms)
				AfterProcessingInitializeOnLoad (7ms)
				EditorAssembliesLoaded (0ms)
			ExecutionOrderSort2 (0ms)
			AwakeInstancesAfterBackupRestoration (17ms)
Platform modules already initialized, skipping
Refreshing native plugins compatible for Editor in 0.75 ms, found 4 plugins.
Preloading 2 native plugins for Editor in 0.06 ms.
Unloading 2187 Unused Serialized files (Serialized files now loaded: 0)
System memory in use before: 137.8 MB.
System memory in use after: 138.0 MB.

Unloading 41 unused Assets to reduce memory usage. Loaded Objects now: 3121.
Total: 4.022000 ms (FindLiveObjects: 0.246000 ms CreateObjectMapping: 0.100900 ms MarkObjects: 3.650100 ms  DeleteObjects: 0.024000 ms)

AssetImportParameters requested are different than current active one (requested -> active):
  custom:framework-win-MediaFoundation: 216162199b28c13a410421893ffa2e32 -> 
  custom:video-decoder-ogg-theora: a1e56fd34408186e4bbccfd4996cb3dc -> 
  custom:container-muxer-webm: aa71ff27fc2769a1b78a27578f13a17b -> 
  custom:container-demuxer-webm: 4f35f7cbe854078d1ac9338744f61a02 -> 
  custom:container-demuxer-ogg: 62fdf1f143b41e24485cea50d1cbac27 -> 
  custom:video-encoder-webm-vp8: eb34c28f22e8b96e1ab97ce403110664 -> 
  custom:video-decoder-webm-vp8: 9c59270c3fd7afecdb556c50c9e8de78 -> 
  custom:audio-decoder-ogg-vorbis: bf7c407c2cedff20999df2af8eb42d56 -> 
  custom:audio-encoder-webm-vorbis: bf7c407c2cedff20999df2af8eb42d56 -> 
AssetImportWorkerClient::OnTransportError - code=2 error=End of file
